0 silly argv {
0 silly argv   _: [ 'bootstrap' ],
0 silly argv   scope: 'changetheme',
0 silly argv   lernaVersion: '4.0.0',
0 silly argv   '$0': 'C:\\Users\\rainier\\AppData\\Roaming\\npm\\node_modules\\lerna\\cli.js'
0 silly argv }
1 notice cli v4.0.0
2 verbose rootPath F:\Z-hehai\demo\2022\my-project
3 info versioning independent
4 error JSONError: Unexpected token "}" (0x7D) in JSON at position 257 while parsing near ".../webpack.dev.js\",\n  },\n  \"devDependencie..." in packages\changeTheme\package.json
4 error
4 error [0m [90m  9 |[39m   [32m"scripts"[39m[33m:[39m {[0m
4 error [0m [90m 10 |[39m     [32m"dev"[39m[33m:[39m [32m"webpack serve --config ./webpack.dev.js"[39m[33m,[39m[0m
4 error [0m[31m[1m>[22m[39m[90m 11 |[39m   }[33m,[39m[0m
4 error [0m [90m    |[39m   [31m[1m^[22m[39m[0m
4 error [0m [90m 12 |[39m   [32m"devDependencies"[39m[33m:[39m {[0m
4 error [0m [90m 13 |[39m     [32m"@babel/preset-env"[39m[33m:[39m [32m"^7.16.0"[39m[33m,[39m[0m
4 error [0m [90m 14 |[39m     [32m"babel-loader"[39m[33m:[39m [32m"^8.2.3"[39m[33m,[39m[0m
4 error
4 error     at parseJson (F:\Z-hehai\demo\2022\my-project\node_modules\parse-json\index.js:29:21)
4 error     at parse (F:\Z-hehai\demo\2022\my-project\node_modules\load-json-file\index.js:15:9)
4 error     at module.exports (F:\Z-hehai\demo\2022\my-project\node_modules\load-json-file\index.js:18:47)
